{
  "RSpec": {
    "coverage": {
      "/mnt/SHARED-CS169/hw3b_rottenpotatoes/app/controllers/application_controller.rb": [
        1,
        1,
        null
      ],
      "/mnt/SHARED-CS169/hw3b_rottenpotatoes/app/helpers/application_helper.rb": [
        1,
        null
      ],
      "/mnt/SHARED-CS169/hw3b_rottenpotatoes/app/helpers/movies_helper.rb": [
        1,
        null,
        1,
        0,
        null,
        null
      ],
      "/mnt/SHARED-CS169/hw3b_rottenpotatoes/app/controllers/movies_controller.rb": [
        1,
        null,
        1,
        0,
        0,
        null,
        null,
        null,
        1,
        0,
        0,
        null,
        0,
        null,
        0,
        null,
        0,
        0,
        null,
        0,
        0,
        0,
        0,
        0,
        0,
        null,
        0,
        null,
        null,
        null,
        1,
        0,
        0,
        0,
        null,
        0,
        null,
        0,
        null,
        0,
        0,
        null,
        0,
        0,
        null,
        null,
        0,
        0,
        0,
        0,
        0,
        null,
        0,
        null,
        null,
        1,
        null,
        null,
        null,
        1,
        0,
        0,
        0,
        null,
        null,
        1,
        0,
        null,
        null,
        1,
        0,
        0,
        0,
        0,
        null,
        null,
        1,
        0,
        0,
        0,
        0,
        null,
        null,
        null
      ],
      "/mnt/SHARED-CS169/hw3b_rottenpotatoes/app/models/movie.rb": [
        1,
        1,
        0,
        null,
        null
      ]
    },
    "timestamp": 1361161970
  },
  "Cucumber Features": {
    "coverage": {
      "/mnt/SHARED-CS169/hw3b_rottenpotatoes/app/controllers/application_controller.rb": [
        1,
        1,
        null
      ],
      "/mnt/SHARED-CS169/hw3b_rottenpotatoes/app/helpers/application_helper.rb": [
        1,
        null
      ],
      "/mnt/SHARED-CS169/hw3b_rottenpotatoes/app/helpers/movies_helper.rb": [
        1,
        null,
        1,
        0,
        null,
        null
      ],
      "/mnt/SHARED-CS169/hw3b_rottenpotatoes/app/controllers/movies_controller.rb": [
        1,
        null,
        1,
        3,
        3,
        null,
        null,
        null,
        1,
        2,
        2,
        null,
        0,
        null,
        0,
        null,
        2,
        2,
        null,
        2,
        2,
        1,
        1,
        1,
        1,
        null,
        2,
        null,
        null,
        null,
        1,
        15,
        15,
        15,
        null,
        2,
        null,
        2,
        null,
        15,
        15,
        null,
        15,
        42,
        null,
        null,
        15,
        4,
        4,
        4,
        4,
        null,
        11,
        null,
        null,
        1,
        null,
        null,
        null,
        1,
        0,
        0,
        0,
        null,
        null,
        1,
        1,
        null,
        null,
        1,
        1,
        1,
        1,
        1,
        null,
        null,
        1,
        0,
        0,
        0,
        0,
        null,
        null,
        null
      ],
      "/mnt/SHARED-CS169/hw3b_rottenpotatoes/app/models/movie.rb": [
        1,
        1,
        17,
        null,
        null
      ]
    },
    "timestamp": 1361157549
  }
}
